<?xml version="1.0" encoding="UTF-8" standalone="no"?>
<!DOCTYPE log SYSTEM "logger.dtd">
<log>
<record>
  <date>2018-05-03T14:23:23.370-0300</date>
  <logger>FLAVIO ROBERTO PIRES QUIRINO FARIAS</logger>
  <level>FINE</level>
  <message>File 117111444-FLAVIO ROBERTO PIRES QUIRINO FARIAS.zip was received. It was sent by FLAVIO ROBERTO PIRES QUIRINO FARIAS from IP 150.165.42.199</message>
</record>
</log>
<?xml version="1.0" encoding="UTF-8" standalone="no"?>
<!DOCTYPE log SYSTEM "logger.dtd">
<log>
<record>
  <date>2018-05-03T15:53:23.115-0300</date>
  <logger>FLAVIO ROBERTO PIRES QUIRINO FARIAS</logger>
  <level>FINE</level>
  <message>File 117111444-FLAVIO ROBERTO PIRES QUIRINO FARIAS.zip was received. It was sent by FLAVIO ROBERTO PIRES QUIRINO FARIAS from IP 150.165.42.199</message>
</record>
</log>
<?xml version="1.0" encoding="UTF-8" standalone="no"?>
<!DOCTYPE log SYSTEM "logger.dtd">
<log>
<record>
  <date>2018-05-03T15:56:13.744-0300</date>
  <logger>FLAVIO ROBERTO PIRES QUIRINO FARIAS</logger>
  <level>FINE</level>
  <message>File 117111444-FLAVIO ROBERTO PIRES QUIRINO FARIAS.zip was received. It was sent by FLAVIO ROBERTO PIRES QUIRINO FARIAS from IP 150.165.42.199</message>
</record>
