<?xml version="1.0" encoding="UTF-8" standalone="no"?>
<!DOCTYPE log SYSTEM "logger.dtd">
<log>
<record>
  <date>2018-06-28T14:17:53.941-0300</date>
  <logger>FLAVIO ROBERTO PIRES QUIRINO FARIAS</logger>
  <level>FINE</level>
  <message>File 117111444-FLAVIO ROBERTO PIRES QUIRINO FARIAS.zip was received. It was sent by FLAVIO ROBERTO PIRES QUIRINO FARIAS from IP 150.165.42.141</message>
</record>
</log>
<?xml version="1.0" encoding="UTF-8" standalone="no"?>
<!DOCTYPE log SYSTEM "logger.dtd">
<log>
<record>
  <date>2018-06-29T00:06:12.005-0300</date>
  <logger>FLAVIO ROBERTO PIRES QUIRINO FARIAS</logger>
  <level>FINE</level>
  <message>File 117111444-FLAVIO ROBERTO PIRES QUIRINO FARIAS.zip was received. It was sent by FLAVIO ROBERTO PIRES QUIRINO FARIAS from IP 192.168.31.1</message>
</record>
</log>
<?xml version="1.0" encoding="UTF-8" standalone="no"?>
<!DOCTYPE log SYSTEM "logger.dtd">
<log>
<record>
  <date>2018-06-29T00:27:02.327-0300</date>
  <logger>FLAVIO ROBERTO PIRES QUIRINO FARIAS</logger>
  <level>FINE</level>
  <message>File 117111444-FLAVIO ROBERTO PIRES QUIRINO FARIAS.zip was received. It was sent by FLAVIO ROBERTO PIRES QUIRINO FARIAS from IP 192.168.31.1</message>
</record>
