<?xml version="1.0" encoding="UTF-8" standalone="no"?>
<!DOCTYPE log SYSTEM "logger.dtd">
<log>
<record>
  <date>2018-05-28T19:47:45.342-0300</date>
  <logger>FLAVIO ROBERTO PIRES QUIRINO FARIAS</logger>
  <level>FINE</level>
  <message>File 117111444-FLAVIO ROBERTO PIRES QUIRINO FARIAS.zip was received. It was sent by FLAVIO ROBERTO PIRES QUIRINO FARIAS from IP 192.168.31.1</message>
</record>
</log>
<?xml version="1.0" encoding="UTF-8" standalone="no"?>
<!DOCTYPE log SYSTEM "logger.dtd">
<log>
<record>
  <date>2018-05-29T03:13:54.590-0300</date>
  <logger>FLAVIO ROBERTO PIRES QUIRINO FARIAS</logger>
  <level>FINE</level>
  <message>File 117111444-FLAVIO ROBERTO PIRES QUIRINO FARIAS.zip was received. It was sent by FLAVIO ROBERTO PIRES QUIRINO FARIAS from IP 192.168.31.1</message>
</record>
</log>
<?xml version="1.0" encoding="UTF-8" standalone="no"?>
<!DOCTYPE log SYSTEM "logger.dtd">
<log>
<record>
  <date>2018-05-29T04:01:51.821-0300</date>
  <logger>FLAVIO ROBERTO PIRES QUIRINO FARIAS</logger>
  <level>FINE</level>
  <message>File 117111444-FLAVIO ROBERTO PIRES QUIRINO FARIAS.zip was received. It was sent by FLAVIO ROBERTO PIRES QUIRINO FARIAS from IP 192.168.31.1</message>
</record>
</log>
<?xml version="1.0" encoding="UTF-8" standalone="no"?>
<!DOCTYPE log SYSTEM "logger.dtd">
<log>
<record>
  <date>2018-05-29T20:17:42.820-0300</date>
  <logger>FLAVIO ROBERTO PIRES QUIRINO FARIAS</logger>
  <level>FINE</level>
  <message>File 117111444-FLAVIO ROBERTO PIRES QUIRINO FARIAS.zip was received. It was sent by FLAVIO ROBERTO PIRES QUIRINO FARIAS from IP 192.168.31.1</message>
</record>
