<?xml version="1.0" encoding="UTF-8" standalone="no"?>
<!DOCTYPE log SYSTEM "logger.dtd">
<log>
<record>
  <date>2018-07-12T14:12:50.569-0300</date>
  <logger>FLAVIO ROBERTO PIRES QUIRINO FARIAS</logger>
  <level>FINE</level>
  <message>File 117111444-FLAVIO ROBERTO PIRES QUIRINO FARIAS.zip was received. It was sent by FLAVIO ROBERTO PIRES QUIRINO FARIAS from IP 150.165.42.154</message>
</record>
</log>
<?xml version="1.0" encoding="UTF-8" standalone="no"?>
<!DOCTYPE log SYSTEM "logger.dtd">
<log>
<record>
  <date>2018-07-13T22:09:54.420-0300</date>
  <logger>FLAVIO ROBERTO PIRES QUIRINO FARIAS</logger>
  <level>FINE</level>
  <message>File 117111444-FLAVIO ROBERTO PIRES QUIRINO FARIAS.zip was received. It was sent by FLAVIO ROBERTO PIRES QUIRINO FARIAS from IP 192.168.31.1</message>
</record>
</log>
<?xml version="1.0" encoding="UTF-8" standalone="no"?>
<!DOCTYPE log SYSTEM "logger.dtd">
<log>
<record>
  <date>2018-07-14T12:09:35.035-0300</date>
  <logger>FLAVIO ROBERTO PIRES QUIRINO FARIAS</logger>
  <level>FINE</level>
  <message>File 117111444-FLAVIO ROBERTO PIRES QUIRINO FARIAS.zip was received. It was sent by FLAVIO ROBERTO PIRES QUIRINO FARIAS from IP 192.168.31.1</message>
</record>
